{"/Users/kyle/SideProjects/ReactProjects/funk-patrol/src/components/Either.jsx": {"path":"/Users/kyle/SideProjects/ReactProjects/funk-patrol/src/components/Either.jsx","statementMap":{"0":{"start":{"line":3,"column":15},"end":{"line":4,"column":47}},"1":{"start":{"line":4,"column":2},"end":{"line":4,"column":47}},"2":{"start":{"line":6,"column":0},"end":{"line":11,"column":1}},"3":{"start":{"line":13,"column":0},"end":{"line":16,"column":1}},"4":{"start":{"line":14,"column":26},"end":{"line":14,"column":30}},"5":{"start":{"line":15,"column":27},"end":{"line":15,"column":31}}},"fnMap":{"0":{"name":"(anonymous_0)","decl":{"start":{"line":3,"column":15},"end":{"line":3,"column":16}},"loc":{"start":{"line":4,"column":2},"end":{"line":4,"column":47}},"line":4},"1":{"name":"(anonymous_1)","decl":{"start":{"line":14,"column":8},"end":{"line":14,"column":9}},"loc":{"start":{"line":14,"column":26},"end":{"line":14,"column":30}},"line":14},"2":{"name":"(anonymous_2)","decl":{"start":{"line":15,"column":9},"end":{"line":15,"column":10}},"loc":{"start":{"line":15,"column":27},"end":{"line":15,"column":31}},"line":15}},"branchMap":{"0":{"loc":{"start":{"line":4,"column":2},"end":{"line":4,"column":47}},"type":"cond-expr","locations":[{"start":{"line":4,"column":7},"end":{"line":4,"column":26}},{"start":{"line":4,"column":29},"end":{"line":4,"column":47}}],"line":4}},"s":{"0":1,"1":4,"2":1,"3":1,"4":1,"5":1},"f":{"0":4,"1":1,"2":1},"b":{"0":[2,2]},"_coverageSchema":"332fd63041d2c1bcb487cc26dd0d5f7d97098a6c","hash":"f3fc3a9aea830b27a3f48843764d7731b022ce43"}
,"/Users/kyle/SideProjects/ReactProjects/funk-patrol/src/components/Maybe.jsx": {"path":"/Users/kyle/SideProjects/ReactProjects/funk-patrol/src/components/Maybe.jsx","statementMap":{"0":{"start":{"line":4,"column":14},"end":{"line":5,"column":66}},"1":{"start":{"line":5,"column":2},"end":{"line":5,"column":66}},"2":{"start":{"line":7,"column":0},"end":{"line":12,"column":1}},"3":{"start":{"line":14,"column":0},"end":{"line":17,"column":1}},"4":{"start":{"line":15,"column":29},"end":{"line":15,"column":33}},"5":{"start":{"line":16,"column":31},"end":{"line":16,"column":35}}},"fnMap":{"0":{"name":"(anonymous_0)","decl":{"start":{"line":4,"column":14},"end":{"line":4,"column":15}},"loc":{"start":{"line":5,"column":2},"end":{"line":5,"column":66}},"line":5},"1":{"name":"(anonymous_1)","decl":{"start":{"line":15,"column":11},"end":{"line":15,"column":12}},"loc":{"start":{"line":15,"column":29},"end":{"line":15,"column":33}},"line":15},"2":{"name":"(anonymous_2)","decl":{"start":{"line":16,"column":13},"end":{"line":16,"column":14}},"loc":{"start":{"line":16,"column":31},"end":{"line":16,"column":35}},"line":16}},"branchMap":{"0":{"loc":{"start":{"line":5,"column":2},"end":{"line":5,"column":66}},"type":"cond-expr","locations":[{"start":{"line":5,"column":19},"end":{"line":5,"column":42}},{"start":{"line":5,"column":45},"end":{"line":5,"column":66}}],"line":5}},"s":{"0":1,"1":6,"2":1,"3":1,"4":3,"5":1},"f":{"0":6,"1":3,"2":1},"b":{"0":[2,4]},"_coverageSchema":"332fd63041d2c1bcb487cc26dd0d5f7d97098a6c","hash":"b90ea913220002297795b7bda6f191e918b71148"}
,"/Users/kyle/SideProjects/ReactProjects/funk-patrol/src/utils/index.js": {"path":"/Users/kyle/SideProjects/ReactProjects/funk-patrol/src/utils/index.js","statementMap":{"0":{"start":{"line":1,"column":25},"end":{"line":1,"column":71}},"1":{"start":{"line":1,"column":34},"end":{"line":1,"column":71}}},"fnMap":{"0":{"name":"(anonymous_0)","decl":{"start":{"line":1,"column":25},"end":{"line":1,"column":26}},"loc":{"start":{"line":1,"column":34},"end":{"line":1,"column":71}},"line":1}},"branchMap":{"0":{"loc":{"start":{"line":1,"column":34},"end":{"line":1,"column":71}},"type":"binary-expr","locations":[{"start":{"line":1,"column":34},"end":{"line":1,"column":48}},{"start":{"line":1,"column":52},"end":{"line":1,"column":71}}],"line":1}},"s":{"0":2,"1":9},"f":{"0":9},"b":{"0":[9,6]},"_coverageSchema":"332fd63041d2c1bcb487cc26dd0d5f7d97098a6c","hash":"12491ee8f73e922cdc11e3a573c6ea3a84f21740"}
}
