TN:
SF:/Users/kyle/SideProjects/ReactProjects/funk-patrol/src/components/Either.jsx
FN:3,(anonymous_0)
FN:14,(anonymous_1)
FN:15,(anonymous_2)
FNF:3
FNH:3
FNDA:4,(anonymous_0)
FNDA:1,(anonymous_1)
FNDA:1,(anonymous_2)
DA:3,1
DA:4,4
DA:6,1
DA:13,1
DA:14,1
DA:15,1
LF:6
LH:6
BRDA:4,0,0,2
BRDA:4,0,1,2
BRF:2
BRH:2
end_of_record
TN:
SF:/Users/kyle/SideProjects/ReactProjects/funk-patrol/src/components/Maybe.jsx
FN:4,(anonymous_0)
FN:15,(anonymous_1)
FN:16,(anonymous_2)
FNF:3
FNH:3
FNDA:6,(anonymous_0)
FNDA:3,(anonymous_1)
FNDA:1,(anonymous_2)
DA:4,1
DA:5,6
DA:7,1
DA:14,1
DA:15,3
DA:16,1
LF:6
LH:6
BRDA:5,0,0,2
BRDA:5,0,1,4
BRF:2
BRH:2
end_of_record
TN:
SF:/Users/kyle/SideProjects/ReactProjects/funk-patrol/src/utils/index.js
FN:1,(anonymous_0)
FNF:1
FNH:1
FNDA:9,(anonymous_0)
DA:1,9
LF:1
LH:1
BRDA:1,0,0,9
BRDA:1,0,1,6
BRF:2
BRH:2
end_of_record
